<?xml version="1.0" encoding="UTF-8"?>
<!-- Generated by org.testng.reporters.JUnitReportReporter -->
<testsuite hostname="LAP-2513" failures="0" tests="1" name="Execution_Engine.Driver_Script" time="3.097" errors="0" timestamp="2025-01-31T10:54:14 IST" skipped="0">
  <testcase classname="Execution_Engine.Driver_Script" name="Initalization" time="3.097"/>
</testsuite> <!-- Execution_Engine.Driver_Script -->
